<?xml version="1.0" encoding="UTF-8"?>
<testsuite name="gradle.testQuestion" tests="6" skipped="0" failures="0" errors="0" timestamp="2023-06-07T08:29:39" hostname="Vincents-MacBook-Air.local" time="0.013">
  <properties/>
  <testcase name="testSetStringWithNullValue()" classname="gradle.testQuestion" time="0.003"/>
  <testcase name="testSetStringUpdatesQuestionFields()" classname="gradle.testQuestion" time="0.001"/>
  <testcase name="testGetId()" classname="gradle.testQuestion" time="0.002"/>
  <testcase name="testDefaultInitialization()" classname="gradle.testQuestion" time="0.002"/>
  <testcase name="testUpdateContentUpdatesQuestionFields()" classname="gradle.testQuestion" time="0.001"/>
  <testcase name="testSetStringWithEmptyString()" classname="gradle.testQuestion" time="0.002"/>
  <system-out><![CDATA[]]></system-out>
  <system-err><![CDATA[]]></system-err>
</testsuite>
