<?xml version="1.0" encoding="UTF-8"?>
<testsuite name="gradle.ClearAllBDDTests" tests="1" skipped="0" failures="0" errors="0" timestamp="2023-06-07T08:29:24" hostname="Vincents-MacBook-Air.local" time="0.011">
  <properties/>
  <testcase name="clearAll()" classname="gradle.ClearAllBDDTests" time="0.011"/>
  <system-out><![CDATA[]]></system-out>
  <system-err><![CDATA[]]></system-err>
</testsuite>
