<?xml version="1.0" encoding="UTF-8"?>
<testsuite name="gradle.AskNewQuestionBDDTests" tests="3" skipped="0" failures="0" errors="0" timestamp="2023-06-07T08:29:23" hostname="Vincents-MacBook-Air.local" time="0.952">
  <properties/>
  <testcase name="updateQuestionHistory()" classname="gradle.AskNewQuestionBDDTests" time="0.945"/>
  <testcase name="clearMainScreen()" classname="gradle.AskNewQuestionBDDTests" time="0.003"/>
  <testcase name="askNewQuestion()" classname="gradle.AskNewQuestionBDDTests" time="0.003"/>
  <system-out><![CDATA[]]></system-out>
  <system-err><![CDATA[]]></system-err>
</testsuite>
