<?xml version="1.0" encoding="UTF-8"?>
<testsuite name="gradle.DeleteQuestionBDDTests" tests="1" skipped="0" failures="0" errors="0" timestamp="2023-06-07T08:29:39" hostname="Vincents-MacBook-Air.local" time="0.006">
  <properties/>
  <testcase name="deleteQuestion()" classname="gradle.DeleteQuestionBDDTests" time="0.006"/>
  <system-out><![CDATA[]]></system-out>
  <system-err><![CDATA[]]></system-err>
</testsuite>
